The system is: Windows - 10.0.19042 - AMD64
Compiling the C compiler identification source file "CMakeCCompilerId.c" succeeded.
Compiler: C:/Program Files (x86)/Microsoft Visual Studio/2019/Community/VC/Tools/MSVC/14.29.30133/bin/Hostx86/x86/cl.exe 
Build flags: 
Id flags:  

The output was:
0
?????????????? ?????????? Microsoft (R) C/C++ ?????? 19.29.30133 ??? x86
(C) ?????????? ?????????? (Microsoft Corporation).  ??? ????? ????????.

CMakeCCompilerId.c
Microsoft (R) Incremental Linker Version 14.29.30133.0
Copyright (C) Microsoft Corporation.  All rights reserved.

/out:CMakeCCompilerId.exe 
CMakeCCompilerId.obj 


Compilation of the C compiler identification source "CMakeCCompilerId.c" produced "CMakeCCompilerId.exe"

Compilation of the C compiler identification source "CMakeCCompilerId.c" produced "CMakeCCompilerId.obj"

The C compiler identification is MSVC, found in "D:/project under development/C++ proj/basic of programming 2021-2022/array shift/cmake-build-debug/CMakeFiles/3.20.2/CompilerIdC/CMakeCCompilerId.exe"

Compiling the CXX compiler identification source file "CMakeCXXCompilerId.cpp" succeeded.
Compiler: C:/Program Files (x86)/Microsoft Visual Studio/2019/Community/VC/Tools/MSVC/14.29.30133/bin/Hostx86/x86/cl.exe 
Build flags: 
Id flags:  

The output was:
0
?????????????? ?????????? Microsoft (R) C/C++ ?????? 19.29.30133 ??? x86
(C) ?????????? ?????????? (Microsoft Corporation).  ??? ????? ????????.

CMakeCXXCompilerId.cpp
Microsoft (R) Incremental Linker Version 14.29.30133.0
Copyright (C) Microsoft Corporation.  All rights reserved.

/out:CMakeCXXCompilerId.exe 
CMakeCXXCompilerId.obj 


Compilation of the CXX compiler identification source "CMakeCXXCompilerId.cpp" produced "CMakeCXXCompilerId.exe"

Compilation of the CXX compiler identification source "CMakeCXXCompilerId.cpp" produced "CMakeCXXCompilerId.obj"

The CXX compiler identification is MSVC, found in "D:/project under development/C++ proj/basic of programming 2021-2022/array shift/cmake-build-debug/CMakeFiles/3.20.2/CompilerIdCXX/CMakeCXXCompilerId.exe"

Detecting C compiler ABI info compiled with the following output:
Change Dir: D:/project under development/C++ proj/basic of programming 2021-2022/array shift/cmake-build-debug/CMakeFiles/CMakeTmp

Run Build Command(s):nmake -f Makefile /nologo cmTC_54bc3\fast && 	"C:\Program Files (x86)\Microsoft Visual Studio\2019\Community\VC\Tools\MSVC\14.29.30133\bin\HostX86\x86\nmake.exe"  -f CMakeFiles\cmTC_54bc3.dir\build.make /nologo -L                  CMakeFiles\cmTC_54bc3.dir\build
Building C object CMakeFiles/cmTC_54bc3.dir/CMakeCCompilerABI.c.obj
	"D:\CLion 2021.2.2\bin\cmake\win\bin\cmake.exe" -E cmake_cl_compile_depends --dep-file=CMakeFiles\cmTC_54bc3.dir\CMakeCCompilerABI.c.obj.d --working-dir="D:\project under development\C++ proj\basic of programming 2021-2022\array shift\cmake-build-debug\CMakeFiles\CMakeTmp" --filter-prefix="" -- C:\PROGRA~2\MICROS~3\2019\COMMUN~1\VC\Tools\MSVC\1429~1.301\bin\Hostx86\x86\cl.exe @C:\Users\Egor\AppData\Local\Temp\nm39C6.tmp
Linking C executable cmTC_54bc3.exe
	"D:\CLion 2021.2.2\bin\cmake\win\bin\cmake.exe" -E vs_link_exe --intdir=CMakeFiles\cmTC_54bc3.dir --rc=C:\PROGRA~2\WI3CF2~1\10\bin\100190~1.0\x86\rc.exe --mt=C:\PROGRA~2\WI3CF2~1\10\bin\100190~1.0\x86\mt.exe --manifests -- C:\PROGRA~2\MICROS~3\2019\COMMUN~1\VC\Tools\MSVC\1429~1.301\bin\Hostx86\x86\link.exe /nologo @CMakeFiles\cmTC_54bc3.dir\objects1.rsp @C:\Users\Egor\AppData\Local\Temp\nm3B8C.tmp



Detecting CXX compiler ABI info compiled with the following output:
Change Dir: D:/project under development/C++ proj/basic of programming 2021-2022/array shift/cmake-build-debug/CMakeFiles/CMakeTmp

Run Build Command(s):nmake -f Makefile /nologo cmTC_8c42b\fast && 	"C:\Program Files (x86)\Microsoft Visual Studio\2019\Community\VC\Tools\MSVC\14.29.30133\bin\HostX86\x86\nmake.exe"  -f CMakeFiles\cmTC_8c42b.dir\build.make /nologo -L                  CMakeFiles\cmTC_8c42b.dir\build
Building CXX object CMakeFiles/cmTC_8c42b.dir/CMakeCXXCompilerABI.cpp.obj
	"D:\CLion 2021.2.2\bin\cmake\win\bin\cmake.exe" -E cmake_cl_compile_depends --dep-file=CMakeFiles\cmTC_8c42b.dir\CMakeCXXCompilerABI.cpp.obj.d --working-dir="D:\project under development\C++ proj\basic of programming 2021-2022\array shift\cmake-build-debug\CMakeFiles\CMakeTmp" --filter-prefix="" -- C:\PROGRA~2\MICROS~3\2019\COMMUN~1\VC\Tools\MSVC\1429~1.301\bin\Hostx86\x86\cl.exe @C:\Users\Egor\AppData\Local\Temp\nm3F73.tmp
Linking CXX executable cmTC_8c42b.exe
	"D:\CLion 2021.2.2\bin\cmake\win\bin\cmake.exe" -E vs_link_exe --intdir=CMakeFiles\cmTC_8c42b.dir --rc=C:\PROGRA~2\WI3CF2~1\10\bin\100190~1.0\x86\rc.exe --mt=C:\PROGRA~2\WI3CF2~1\10\bin\100190~1.0\x86\mt.exe --manifests -- C:\PROGRA~2\MICROS~3\2019\COMMUN~1\VC\Tools\MSVC\1429~1.301\bin\Hostx86\x86\link.exe /nologo @CMakeFiles\cmTC_8c42b.dir\objects1.rsp @C:\Users\Egor\AppData\Local\Temp\nm404F.tmp



